\BOOKMARK [0][-]{chapter.1}{Intro}{}% 1
\BOOKMARK [0][-]{chapter.2}{Install}{}% 2
\BOOKMARK [0][-]{chapter.3}{The\040Gini\040Coefficient}{}% 3
\BOOKMARK [0][-]{chapter.4}{Poverty\040Indices}{}% 4
\BOOKMARK [1][-]{section.4.1}{At\040Risk\040of\040Poverty\040Ratio\040and\040Threshold\040\(svyarpr\040and\040svyarpt\)}{chapter.4}% 5
\BOOKMARK [1][-]{section.4.2}{The\040Gender\040Pay\040Gap\040\(svygpg\)}{chapter.4}% 6
\BOOKMARK [1][-]{section.4.3}{Quintile\040Share\040Ratio\040\(svyqsr\)}{chapter.4}% 7
\BOOKMARK [1][-]{section.4.4}{Relative\040Median\040Income\040Ratio\040\(svyrmir\)}{chapter.4}% 8
\BOOKMARK [1][-]{section.4.5}{Relative\040Median\040Poverty\040Gap\040\(svyrmpg\)}{chapter.4}% 9
\BOOKMARK [1][-]{section.4.6}{Median\040Income\040Below\040the\040At\040Risk\040of\040Poverty\040Threshold\040\(svypoormed\)}{chapter.4}% 10
\BOOKMARK [1][-]{section.4.7}{Quantiles\040\(svyiqalpha\)}{chapter.4}% 11
\BOOKMARK [1][-]{section.4.8}{Totals\040\(svyisq\)}{chapter.4}% 12
\BOOKMARK [0][-]{chapter.5}{Inequality\040Indices}{}% 13
\BOOKMARK [1][-]{section.5.1}{Amato\040\(svyamato\)}{chapter.5}% 14
\BOOKMARK [1][-]{section.5.2}{Atkinson\040\(svyatk\)}{chapter.5}% 15
\BOOKMARK [1][-]{section.5.3}{Foster\040Greer\040Thorbecke\040\(svyfgt\)}{chapter.5}% 16
\BOOKMARK [1][-]{section.5.4}{Generalized\040Entropy\040and\040Decomposition\040\(svygei\040and\040svygeidec\)}{chapter.5}% 17
\BOOKMARK [1][-]{section.5.5}{J-Divergence\040Entropy\040and\040Decomposition\040\(svyjdiv\040and\040svyjdivdec\)}{chapter.5}% 18
\BOOKMARK [1][-]{section.5.6}{Lorenz\040\(svylorenz\)}{chapter.5}% 19
\BOOKMARK [1][-]{section.5.7}{Rényi Divergence \(svyrenyi\)}{chapter.5}% 20
\BOOKMARK [1][-]{section.5.8}{Zenga\040Index\040and\040Curve\040\(svyzenga\040and\040svyzengacurve\)}{chapter.5}% 21
\BOOKMARK [0][-]{chapter.6}{Multidimensional\040Indices}{}% 22
\BOOKMARK [1][-]{section.6.1}{Alkire-Foster\040Class\040and\040Decomposition\040\(svyafc\040and\040svyafcdec\)}{chapter.6}% 23
\BOOKMARK [1][-]{section.6.2}{Bourguignon\040\(1999\)\040inequality\040class\040\(svybmi\)}{chapter.6}% 24
